<?xml version="1.0" encoding="UTF-8"?>
<!-- Generated by org.testng.reporters.JUnitReportReporter -->
<testsuite skipped="0" hostname="BDC6-DX-6B5FNK2" name="page_object_model.testpagefactory" tests="1" failures="0" timestamp="25 Sep 2019 06:12:31 GMT" time="50.037" errors="0">
  <testcase name="f" time="50.037" classname="page_object_model.testpagefactory"/>
</testsuite> <!-- page_object_model.testpagefactory -->
